2017-12-22 19:05:12.291 [main] INFO  [com.meronmee.core.utils.HttpUtils:373] - [GET-acc4bf65ca8c4f9588aeaa985d908bba]URL:http://localhost:8080/meeqs/app/user/404.json, Data:null, Headers:null
2017-12-22 19:05:12.593 [main] INFO  [com.meronmee.core.utils.HttpUtils:402] - [GET-acc4bf65ca8c4f9588aeaa985d908bba]URL:http://localhost:8080/meeqs/app/user/404.json, Response:{"msg":"请求地址无效","code":402}
2017-12-22 19:05:28.061 [main] INFO  [com.meronmee.core.utils.HttpUtils:373] - [GET-39835b71c2724d968d7f6e02dc58306a]URL:http://localhost:8080/meeqs/app/user/404.html, Data:null, Headers:null
2017-12-22 19:05:28.252 [main] INFO  [com.meronmee.core.utils.HttpUtils:402] - [GET-39835b71c2724d968d7f6e02dc58306a]URL:http://localhost:8080/meeqs/app/user/404.html, Response:
<!DOCTYPE html>
<html lang="zh-CN">
  <head>
    <meta charset="utf-8">
    <meta http-equiv="X-UA-Compatible" content="IE=edge">
    <meta name="viewport" content="width=device-width, initial-scale=1">
    <meta name="description" content="">
    <meta name="author" content="">
    <link rel="icon" href="/meeqs/favicon.ico">
    <title>页面未找到 - 404</title>
    <!-- Bootstrap core CSS -->
    <link href="https://cdn.bootcss.com/bootstrap/3.3.7/css/bootstrap.min.css" rel="stylesheet">

    <!-- Custom styles -->
    <style type="text/css">
    		body {
			  padding-top: 40px;
			  padding-bottom: 40px;
			  background-color: #eee;
			}
			h2 strong{
				color:red;
			}
    </style>

    <!-- HTML5 shim and Respond.js for IE8 support of HTML5 elements and media queries -->
    <!--[if lt IE 9]>
      <script src="https://cdn.bootcss.com/html5shiv/3.7.3/html5shiv.min.js"></script>
      <script src="https://cdn.bootcss.com/respond.js/1.4.2/respond.min.js"></script>
    <![endif]-->
  </head>

  <body>

    <div class="container">
     <div class="alert alert-danger" role="alert">您访问的页面没有找到！</div>
    </div> <!-- /container -->

  </body>
</html>

2017-12-22 19:05:38.854 [main] INFO  [com.meronmee.core.utils.HttpUtils:373] - [GET-351e538f2f6a4a48a76cec9887cd9779]URL:http://localhost:8080/meeqs/manage/user/404.json, Data:null, Headers:null
2017-12-22 19:05:39.035 [main] INFO  [com.meronmee.core.utils.HttpUtils:402] - [GET-351e538f2f6a4a48a76cec9887cd9779]URL:http://localhost:8080/meeqs/manage/user/404.json, Response:{"msg":"请登录后再操作","code":402}
2017-12-22 19:06:10.194 [main] INFO  [com.meronmee.core.utils.HttpUtils:373] - [GET-3f41657a4c50430b9becfb39a4d059d9]URL:http://localhost:8080/meeqs/manage/user/404.html, Data:null, Headers:null
2017-12-22 19:06:10.384 [main] INFO  [com.meronmee.core.utils.HttpUtils:402] - [GET-3f41657a4c50430b9becfb39a4d059d9]URL:http://localhost:8080/meeqs/manage/user/404.html, Response:
<!DOCTYPE html>
<html lang="zh-CN">
  <head>
    <meta charset="utf-8">
    <meta http-equiv="X-UA-Compatible" content="IE=edge">
    <meta name="viewport" content="width=device-width, initial-scale=1">
    <meta name="description" content="">
    <meta name="author" content="">
    <link rel="icon" href="/meeqs/favicon.ico">
    <title>认证失败</title>
    <!-- Bootstrap core CSS -->
    <link href="https://cdn.bootcss.com/bootstrap/3.3.7/css/bootstrap.min.css" rel="stylesheet">

    <!-- Custom styles -->
    <style type="text/css">
    		body {
			  padding-top: 40px;
			  padding-bottom: 40px;
			  background-color: #eee;
			}
			h2 strong{
				color:red;
			}
    </style>

    <!-- HTML5 shim and Respond.js for IE8 support of HTML5 elements and media queries -->
    <!--[if lt IE 9]>
      <script src="https://cdn.bootcss.com/html5shiv/3.7.3/html5shiv.min.js"></script>
      <script src="https://cdn.bootcss.com/respond.js/1.4.2/respond.min.js"></script>
    <![endif]-->
  </head>

  <body>

    <div class="container">
     <div class="alert alert-warning" role="alert">请登录后再操作！&nbsp;<a href="../login.htm">点此登录<span id="timer">(3)</span></a></div>
    </div> <!-- /container -->
    
    <script src="/meeqs/public/assets/common/libs/jquery/jquery.slim.min.js"></script>
	<script type="text/javascript">
		var num = 3;
		var timerId = setInterval(function(){
			num--;
			$("#timer").text("("+num+")");
			if(num <= 0){
				clearInterval(timerId);
				window.location.replace("../login.htm");
			}
		}, 1000);
	</script>
  </body>
</html>

2017-12-22 19:06:37.199 [main] INFO  [com.meronmee.core.utils.HttpUtils:373] - [GET-70011f463e544502a04724c20849b2dc]URL:http://localhost:8080/meeqs/manage/user/404.json, Data:null, Headers:null
2017-12-22 19:06:37.383 [main] INFO  [com.meronmee.core.utils.HttpUtils:402] - [GET-70011f463e544502a04724c20849b2dc]URL:http://localhost:8080/meeqs/manage/user/404.json, Response:{"msg":"请登录后再操作","code":402}
2017-12-22 19:06:48.871 [main] INFO  [com.meronmee.core.utils.HttpUtils:373] - [GET-c7256f8e3ce747769ee1f6f9cad69084]URL:http://localhost:8080/meeqs/app/user/404.json, Data:null, Headers:null
2017-12-22 19:06:49.055 [main] INFO  [com.meronmee.core.utils.HttpUtils:402] - [GET-c7256f8e3ce747769ee1f6f9cad69084]URL:http://localhost:8080/meeqs/app/user/404.json, Response:{"msg":"请求地址无效","code":402}
